Done loading SO. Pointer: [4]
LDAname: [test.lda]
Template name: [test.template]
[debug]=[true]
parmhandle:[fffffffffff5c08]

Format: [A]
Length: [100]
INdex: [4]
Alpha Variable
Format: [I]
Length: [4]
INdex: [5]
Format: [A]
Length: [10]
INdex: [6]
Alpha Variable
Format: [U]
Length: [30]
INdex: [7]
Format: [A]
Length: [10]
INdex: [8]
Alpha Variable
Format: [I]
Length: [4]
INdex: [9]
Format: [I]
Length: [4]
INdex: [10]
Format: [I]
Length: [2]
INdex: [11]

[tmp4] = [Dies ist ein langer Test]
[tmp5] = [0]
[tmp6] = []
[tmp7] = [Hello World]
[tmp8] = []
[tmp9] = [0]
[tmp10] = [0]
[tmp11] = [0]
