This file contains any messages produced by compilers while
running configure, to aid debugging if configure makes a mistake.

It was created by Mini-XML configure 2.10, which was
generated by GNU Autoconf 2.69.  Invocation command line was

  $ ./configure 

## --------- ##
## Platform. ##
## --------- ##

hostname = bonn
uname -m = 00F7FDCD4C00
uname -r = 1
uname -s = AIX
uname -v = 7

/usr/bin/uname -p = powerpc
/bin/uname -X     = unknown

/bin/arch              = unknown
/usr/bin/arch -k       = unknown
/usr/convex/getsysinfo = unknown
/usr/bin/hostinfo      = unknown
/bin/machine           = unknown
/usr/bin/oslevel       = 7.1.0.0
/bin/universe          = unknown

PATH: /SAG/nat/v63140/bin
PATH: /SAG/wcb/v120/bin
PATH: /SAG/common/bin
PATH: .
PATH: /SAG/osx/v6211/bin
PATH: /SAG/ada/v63401
PATH: /SAG/ada/v63401/tools
PATH: /SAG/acl/v64017/bin
PATH: /SAG/common/arg/bin
PATH: /SAG/cjp/v16/bin
PATH: /SAG/cjp/v16/jre/bin
PATH: /usr/bin
PATH: /etc
PATH: /usr/sbin
PATH: /usr/ucb
PATH: /usr/bin/X11
PATH: /sbin
PATH: /usr/java6_64/bin
PATH: /SAG/ctp/v80/var/bin
PATH: /SAG/ctp/v80/opt/bin
PATH: /SAG/ctp/v80/opt/native/bin
PATH: /SAG/adi/v551
PATH: .
PATH: /SAG/wcp/v750
PATH: /SAG/wcl/v150
PATH: /SAG/nat/v63140/nwo/bin
PATH: /SAG/nat/nwo/NEWbonn
PATH: /VAW/natural/scripts
PATH: /VAW/scripts
PATH: /corp/sys/scripts/aix
PATH: /corp/sys/scripts
PATH: /opt/freeware/sbin
PATH: /VAW/natural/bonn/u
PATH: /u/it/scripts
PATH: /develop/scripts/fls
PATH: /usr/bin
PATH: /etc
PATH: /usr/sbin
PATH: /usr/ucb
PATH: /u/it/a140734/bin
PATH: /usr/bin/X11
PATH: /sbin
PATH: /usr/vac/bin
PATH: .


## ----------- ##
## Core tests. ##
## ----------- ##

configure:2295: checking for gcc
configure:2325: result: no
configure:2388: checking for cc
configure:2409: found /usr/vac/bin/cc
configure:2432: result: cc
configure:2551: checking for C compiler version
configure:2560: cc --version >&5
cc: 1501-216 (W) command option --version is not recognized - passed to ld



  xlc(1)                     IBM (2012)                      xlc(1)



  NAME
         xlc, xlc++, xlC, cc, c89, c99, xlCcore, xlc++core and
configure:2571: $? = 249
configure:2560: cc -v >&5
exec: export(export,XL_CONFIG=/etc/vac.cfg.71:cc,NULL) 
exec: /usr/bin/pg(/usr/bin/pg,/usr/vacpp/exe/default_msg/vacpp.txt,NULL) 



  xlc(1)                     IBM (2012)                      xlc(1)



  NAME
configure:2571: $? = 249
configure:2560: cc -V >&5
export XL_CONFIG=/etc/vac.cfg.71:cc 
/usr/bin/pg /usr/vacpp/exe/default_msg/vacpp.txt 



  xlc(1)                     IBM (2012)                      xlc(1)



  NAME
configure:2571: $? = 249
configure:2560: cc -qversion >&5
IBM XL C/C++ for AIX, V12.1 (5765-J02, 5725-C72)
Version: 12.01.0000.0000
configure:2571: $? = 0
configure:2591: checking whether the C compiler works
configure:2613: cc    conftest.c  >&5
configure:2617: $? = 0
configure:2665: result: yes
configure:2668: checking for C compiler default output file name
configure:2670: result: a.out
configure:2676: checking for suffix of executables
configure:2683: cc -o conftest    conftest.c  >&5
configure:2687: $? = 0
configure:2709: result: 
configure:2731: checking whether we are cross compiling
configure:2739: cc -o conftest    conftest.c  >&5
configure:2743: $? = 0
configure:2750: ./conftest
configure:2754: $? = 0
configure:2769: result: no
configure:2774: checking for suffix of object files
configure:2796: cc -c   conftest.c >&5
configure:2800: $? = 0
configure:2821: result: o
configure:2825: checking whether we are using the GNU C compiler
configure:2844: cc -c   conftest.c >&5
"conftest.c", line 15.14: 1506-275 (S) Unexpected text me encountered.
"conftest.c", line 15.8: 1506-045 (S) Undeclared identifier choke.
configure:2844: $? = 1
configure: failed program was:
| /* confdefs.h */
| #define PACKAGE_NAME "Mini-XML"
| #define PACKAGE_TARNAME "mxml"
| #define PACKAGE_VERSION "2.10"
| #define PACKAGE_STRING "Mini-XML 2.10"
| #define PACKAGE_BUGREPORT "http://www.msweet.org/bugs.php/Mini-XML"
| #define PACKAGE_URL "http://www.msweet.org/projects.php/Mini-XML"
| #define MXML_VERSION "Mini-XML v2.10"
| /* end confdefs.h.  */
| 
| int
| main ()
| {
| #ifndef __GNUC__
|        choke me
| #endif
| 
|   ;
|   return 0;
| }
configure:2853: result: no
configure:2862: checking whether cc accepts -g
configure:2882: cc -c -g  conftest.c >&5
configure:2882: $? = 0
configure:2923: result: yes
configure:2940: checking for cc option to accept ISO C89
configure:3003: cc  -c   conftest.c >&5
"conftest.c", line 44.19: 1506-195 (S) Integral constant expression with a value greater than zero is required.
configure:3003: $? = 1
configure: failed program was:
| /* confdefs.h */
| #define PACKAGE_NAME "Mini-XML"
| #define PACKAGE_TARNAME "mxml"
| #define PACKAGE_VERSION "2.10"
| #define PACKAGE_STRING "Mini-XML 2.10"
| #define PACKAGE_BUGREPORT "http://www.msweet.org/bugs.php/Mini-XML"
| #define PACKAGE_URL "http://www.msweet.org/projects.php/Mini-XML"
| #define MXML_VERSION "Mini-XML v2.10"
| /* end confdefs.h.  */
| #include <stdarg.h>
| #include <stdio.h>
| struct stat;
| /* Most of the following tests are stolen from RCS 5.7's src/conf.sh.  */
| struct buf { int x; };
| FILE * (*rcsopen) (struct buf *, struct stat *, int);
| static char *e (p, i)
|      char **p;
|      int i;
| {
|   return p[i];
| }
| static char *f (char * (*g) (char **, int), char **p, ...)
| {
|   char *s;
|   va_list v;
|   va_start (v,p);
|   s = g (p, va_arg (v,int));
|   va_end (v);
|   return s;
| }
| 
| /* OSF 4.0 Compaq cc is some sort of almost-ANSI by default.  It has
|    function prototypes and stuff, but not '\xHH' hex character constants.
|    These don't provoke an error unfortunately, instead are silently treated
|    as 'x'.  The following induces an error, until -std is added to get
|    proper ANSI mode.  Curiously '\x00'!='x' always comes out true, for an
|    array size at least.  It's necessary to write '\x00'==0 to get something
|    that's true only with -std.  */
| int osf4_cc_array ['\x00' == 0 ? 1 : -1];
| 
| /* IBM C 6 for AIX is almost-ANSI by default, but it replaces macro parameters
|    inside strings and character constants.  */
| #define FOO(x) 'x'
| int xlc6_cc_array[FOO(a) == 'x' ? 1 : -1];
| 
| int test (int i, double x);
| struct s1 {int (*f) (int a);};
| struct s2 {int (*f) (double a);};
| int pairnames (int, char **, FILE *(*)(struct buf *, struct stat *, int), int, int);
| int argc;
| char **argv;
| int
| main ()
| {
| return f (e, argv, 0) != argv[0]  ||  f (e, argv, 1) != argv[1];
|   ;
|   return 0;
| }
configure:3003: cc -qlanglvl=extc89 -c   conftest.c >&5
configure:3003: $? = 0
configure:3023: result: -qlanglvl=extc89
configure:3094: checking for g++
configure:3124: result: no
configure:3094: checking for c++
configure:3124: result: no
configure:3094: checking for gpp
configure:3124: result: no
configure:3094: checking for aCC
configure:3124: result: no
configure:3094: checking for CC
configure:3124: result: no
configure:3094: checking for cxx
configure:3124: result: no
configure:3094: checking for cc++
configure:3124: result: no
configure:3094: checking for cl.exe
configure:3124: result: no
configure:3094: checking for FCC
configure:3124: result: no
configure:3094: checking for KCC
configure:3124: result: no
configure:3094: checking for RCC
configure:3124: result: no
configure:3094: checking for xlC_r
configure:3124: result: no
configure:3094: checking for xlC
configure:3124: result: no
configure:3148: checking for C++ compiler version
configure:3157: g++ --version >&5
./configure[3159]: g++:  not found
configure:3168: $? = 127
configure:3157: g++ -v >&5
./configure[3159]: g++:  not found
configure:3168: $? = 127
configure:3157: g++ -V >&5
./configure[3159]: g++:  not found
configure:3168: $? = 127
configure:3157: g++ -qversion >&5
./configure[3159]: g++:  not found
configure:3168: $? = 127
configure:3172: checking whether we are using the GNU C++ compiler
configure:3191: g++ -c   conftest.cpp >&5
./configure[11]: g++:  not found
configure:3191: $? = 127
configure: failed program was:
| /* confdefs.h */
| #define PACKAGE_NAME "Mini-XML"
| #define PACKAGE_TARNAME "mxml"
| #define PACKAGE_VERSION "2.10"
| #define PACKAGE_STRING "Mini-XML 2.10"
| #define PACKAGE_BUGREPORT "http://www.msweet.org/bugs.php/Mini-XML"
| #define PACKAGE_URL "http://www.msweet.org/projects.php/Mini-XML"
| #define MXML_VERSION "Mini-XML v2.10"
| /* end confdefs.h.  */
| 
| int
| main ()
| {
| #ifndef __GNUC__
|        choke me
| #endif
| 
|   ;
|   return 0;
| }
configure:3200: result: no
configure:3209: checking whether g++ accepts -g
configure:3229: g++ -c -g  conftest.cpp >&5
./configure[11]: g++:  not found
configure:3229: $? = 127
configure: failed program was:
| /* confdefs.h */
| #define PACKAGE_NAME "Mini-XML"
| #define PACKAGE_TARNAME "mxml"
| #define PACKAGE_VERSION "2.10"
| #define PACKAGE_STRING "Mini-XML 2.10"
| #define PACKAGE_BUGREPORT "http://www.msweet.org/bugs.php/Mini-XML"
| #define PACKAGE_URL "http://www.msweet.org/projects.php/Mini-XML"
| #define MXML_VERSION "Mini-XML v2.10"
| /* end confdefs.h.  */
| 
| int
| main ()
| {
| 
|   ;
|   return 0;
| }
configure:3244: g++ -c   conftest.cpp >&5
./configure[11]: g++:  not found
configure:3244: $? = 127
configure: failed program was:
| /* confdefs.h */
| #define PACKAGE_NAME "Mini-XML"
| #define PACKAGE_TARNAME "mxml"
| #define PACKAGE_VERSION "2.10"
| #define PACKAGE_STRING "Mini-XML 2.10"
| #define PACKAGE_BUGREPORT "http://www.msweet.org/bugs.php/Mini-XML"
| #define PACKAGE_URL "http://www.msweet.org/projects.php/Mini-XML"
| #define MXML_VERSION "Mini-XML v2.10"
| /* end confdefs.h.  */
| 
| int
| main ()
| {
| 
|   ;
|   return 0;
| }
configure:3260: g++ -c -g  conftest.cpp >&5
./configure[11]: g++:  not found
configure:3260: $? = 127
configure: failed program was:
| /* confdefs.h */
| #define PACKAGE_NAME "Mini-XML"
| #define PACKAGE_TARNAME "mxml"
| #define PACKAGE_VERSION "2.10"
| #define PACKAGE_STRING "Mini-XML 2.10"
| #define PACKAGE_BUGREPORT "http://www.msweet.org/bugs.php/Mini-XML"
| #define PACKAGE_URL "http://www.msweet.org/projects.php/Mini-XML"
| #define MXML_VERSION "Mini-XML v2.10"
| /* end confdefs.h.  */
| 
| int
| main ()
| {
| 
|   ;
|   return 0;
| }
configure:3270: result: no
configure:3336: checking for a BSD-compatible install
configure:3404: result: ./install-sh -c
configure:3462: checking for ranlib
configure:3478: found /usr/bin/ranlib
configure:3489: result: ranlib
configure:3513: checking for ar
configure:3531: found /usr/bin/ar
configure:3543: result: /usr/bin/ar
configure:3553: checking for cp
configure:3571: found /usr/bin/cp
configure:3583: result: /usr/bin/cp
configure:3593: checking for ln
configure:3611: found /usr/bin/ln
configure:3623: result: /usr/bin/ln
configure:3633: checking for mkdir
configure:3651: found /usr/bin/mkdir
configure:3663: result: /usr/bin/mkdir
configure:3673: checking for rm
configure:3691: found /usr/bin/rm
configure:3703: result: /usr/bin/rm
configure:3724: checking for inline
configure:3740: cc -qlanglvl=extc89 -c   conftest.c >&5
"conftest.c", line 12.35: 1506-277 (S) Syntax error: possible missing ';' or ','?
"conftest.c", line 12.8: 1506-485 (S) Parameter declaration list is incompatible with declarator for inline.
configure:3740: $? = 1
configure: failed program was:
| /* confdefs.h */
| #define PACKAGE_NAME "Mini-XML"
| #define PACKAGE_TARNAME "mxml"
| #define PACKAGE_VERSION "2.10"
| #define PACKAGE_STRING "Mini-XML 2.10"
| #define PACKAGE_BUGREPORT "http://www.msweet.org/bugs.php/Mini-XML"
| #define PACKAGE_URL "http://www.msweet.org/projects.php/Mini-XML"
| #define MXML_VERSION "Mini-XML v2.10"
| /* end confdefs.h.  */
| #ifndef __cplusplus
| typedef int foo_t;
| static inline foo_t static_foo () {return 0; }
| inline foo_t foo () {return 0; }
| #endif
| 
configure:3740: cc -qlanglvl=extc89 -c   conftest.c >&5
configure:3740: $? = 0
configure:3748: result: __inline__
configure:3770: checking for strdup
configure:3770: cc -qlanglvl=extc89 -o conftest    conftest.c  >&5
configure:3770: $? = 0
configure:3770: result: yes
configure:3785: checking for snprintf
configure:3785: cc -qlanglvl=extc89 -o conftest    conftest.c  >&5
configure:3785: $? = 0
configure:3785: result: yes
configure:3785: checking for vsnprintf
configure:3785: cc -qlanglvl=extc89 -o conftest    conftest.c  >&5
configure:3785: $? = 0
configure:3785: result: yes
configure:3796: checking for long long int
configure:3815: cc -qlanglvl=extc89 -c   conftest.c >&5
configure:3815: $? = 0
configure:3823: result: yes
configure:3847: checking how to run the C preprocessor
configure:3878: cc -qlanglvl=extc89 -E  conftest.c
configure:3878: $? = 0
configure:3892: cc -qlanglvl=extc89 -E  conftest.c
"conftest.c", line 17.10: 1506-296 (S) #include file <ac_nonexistent.h> not found.
configure:3892: $? = 1
configure: failed program was:
| /* confdefs.h */
| #define PACKAGE_NAME "Mini-XML"
| #define PACKAGE_TARNAME "mxml"
| #define PACKAGE_VERSION "2.10"
| #define PACKAGE_STRING "Mini-XML 2.10"
| #define PACKAGE_BUGREPORT "http://www.msweet.org/bugs.php/Mini-XML"
| #define PACKAGE_URL "http://www.msweet.org/projects.php/Mini-XML"
| #define MXML_VERSION "Mini-XML v2.10"
| #ifndef __cplusplus
| #define inline __inline__
| #endif
| #define HAVE_STRDUP 1
| #define HAVE_SNPRINTF 1
| #define HAVE_VSNPRINTF 1
| #define HAVE_LONG_LONG 1
| /* end confdefs.h.  */
| #include <ac_nonexistent.h>
configure:3917: result: cc -qlanglvl=extc89 -E
configure:3937: cc -qlanglvl=extc89 -E  conftest.c
configure:3937: $? = 0
configure:3951: cc -qlanglvl=extc89 -E  conftest.c
"conftest.c", line 17.10: 1506-296 (S) #include file <ac_nonexistent.h> not found.
configure:3951: $? = 1
configure: failed program was:
| /* confdefs.h */
| #define PACKAGE_NAME "Mini-XML"
| #define PACKAGE_TARNAME "mxml"
| #define PACKAGE_VERSION "2.10"
| #define PACKAGE_STRING "Mini-XML 2.10"
| #define PACKAGE_BUGREPORT "http://www.msweet.org/bugs.php/Mini-XML"
| #define PACKAGE_URL "http://www.msweet.org/projects.php/Mini-XML"
| #define MXML_VERSION "Mini-XML v2.10"
| #ifndef __cplusplus
| #define inline __inline__
| #endif
| #define HAVE_STRDUP 1
| #define HAVE_SNPRINTF 1
| #define HAVE_VSNPRINTF 1
| #define HAVE_LONG_LONG 1
| /* end confdefs.h.  */
| #include <ac_nonexistent.h>
configure:3980: checking for grep that handles long lines and -e
configure:4038: result: /usr/bin/grep
configure:4043: checking for egrep
configure:4105: result: /usr/bin/grep -E
configure:4110: checking for ANSI C header files
configure:4130: cc -qlanglvl=extc89 -c   conftest.c >&5
configure:4130: $? = 0
configure:4203: cc -qlanglvl=extc89 -o conftest    conftest.c  >&5
configure:4203: $? = 0
configure:4203: ./conftest
configure:4203: $? = 0
configure:4214: result: yes
configure:4227: checking for sys/types.h
configure:4227: cc -qlanglvl=extc89 -c   conftest.c >&5
configure:4227: $? = 0
configure:4227: result: yes
configure:4227: checking for sys/stat.h
configure:4227: cc -qlanglvl=extc89 -c   conftest.c >&5
configure:4227: $? = 0
configure:4227: result: yes
configure:4227: checking for stdlib.h
configure:4227: cc -qlanglvl=extc89 -c   conftest.c >&5
configure:4227: $? = 0
configure:4227: result: yes
configure:4227: checking for string.h
configure:4227: cc -qlanglvl=extc89 -c   conftest.c >&5
configure:4227: $? = 0
configure:4227: result: yes
configure:4227: checking for memory.h
configure:4227: cc -qlanglvl=extc89 -c   conftest.c >&5
configure:4227: $? = 0
configure:4227: result: yes
configure:4227: checking for strings.h
configure:4227: cc -qlanglvl=extc89 -c   conftest.c >&5
configure:4227: $? = 0
configure:4227: result: yes
configure:4227: checking for inttypes.h
configure:4227: cc -qlanglvl=extc89 -c   conftest.c >&5
configure:4227: $? = 0
configure:4227: result: yes
configure:4227: checking for stdint.h
configure:4227: cc -qlanglvl=extc89 -c   conftest.c >&5
configure:4227: $? = 0
configure:4227: result: yes
configure:4227: checking for unistd.h
configure:4227: cc -qlanglvl=extc89 -c   conftest.c >&5
configure:4227: $? = 0
configure:4227: result: yes
configure:4239: checking pthread.h usability
configure:4239: cc -qlanglvl=extc89 -c   conftest.c >&5
configure:4239: $? = 0
configure:4239: result: yes
configure:4239: checking pthread.h presence
configure:4239: cc -qlanglvl=extc89 -E  conftest.c
configure:4239: $? = 0
configure:4239: result: yes
configure:4239: checking for pthread.h
configure:4239: result: yes
configure:4249: checking for pthread_create using -lpthreads
configure:4264: cc -qlanglvl=extc89 -o conftest    conftest.c -lpthreads  >&5
configure:4264: $? = 0
configure:4269: result: yes
configure:4301: checking for shared library support
configure:4359: result: no
configure:4361: WARNING: shared libraries not supported on this platform.
configure:4585: creating ./config.status

## ---------------------- ##
## Running config.status. ##
## ---------------------- ##

This file was extended by Mini-XML config.status 2.10, which was
generated by GNU Autoconf 2.69.  Invocation command line was

  CONFIG_FILES    = 
  CONFIG_HEADERS  = 
  CONFIG_LINKS    = 
  CONFIG_COMMANDS = 
  $ ./config.status 

on bonn

config.status:832: creating Makefile
config.status:832: creating mxml.list
config.status:832: creating mxml.pc
config.status:832: creating config.h

## ---------------- ##
## Cache variables. ##
## ---------------- ##

ac_cv_c_compiler_gnu=no
ac_cv_c_inline=__inline__
ac_cv_c_long_long=yes
ac_cv_cxx_compiler_gnu=no
ac_cv_env_CCC_set=''
ac_cv_env_CCC_value=''
ac_cv_env_CC_set=''
ac_cv_env_CC_value=''
ac_cv_env_CFLAGS_set=''
ac_cv_env_CFLAGS_value=''
ac_cv_env_CPPFLAGS_set=''
ac_cv_env_CPPFLAGS_value=''
ac_cv_env_CPP_set=''
ac_cv_env_CPP_value=''
ac_cv_env_CXXFLAGS_set=''
ac_cv_env_CXXFLAGS_value=''
ac_cv_env_CXX_set=''
ac_cv_env_CXX_value=''
ac_cv_env_LDFLAGS_set=''
ac_cv_env_LDFLAGS_value=''
ac_cv_env_LIBS_set=''
ac_cv_env_LIBS_value=''
ac_cv_env_build_alias_set=''
ac_cv_env_build_alias_value=''
ac_cv_env_host_alias_set=''
ac_cv_env_host_alias_value=''
ac_cv_env_target_alias_set=''
ac_cv_env_target_alias_value=''
ac_cv_func_snprintf=yes
ac_cv_func_strdup=yes
ac_cv_func_vsnprintf=yes
ac_cv_header_inttypes_h=yes
ac_cv_header_memory_h=yes
ac_cv_header_pthread_h=yes
ac_cv_header_stdc=yes
ac_cv_header_stdint_h=yes
ac_cv_header_stdlib_h=yes
ac_cv_header_string_h=yes
ac_cv_header_strings_h=yes
ac_cv_header_sys_stat_h=yes
ac_cv_header_sys_types_h=yes
ac_cv_header_unistd_h=yes
ac_cv_objext=o
ac_cv_path_AR=/usr/bin/ar
ac_cv_path_CP=/usr/bin/cp
ac_cv_path_EGREP='/usr/bin/grep -E'
ac_cv_path_GREP=/usr/bin/grep
ac_cv_path_LN=/usr/bin/ln
ac_cv_path_MKDIR=/usr/bin/mkdir
ac_cv_path_RM=/usr/bin/rm
ac_cv_prog_CC=cc
ac_cv_prog_CPP='cc -qlanglvl=extc89 -E'
ac_cv_prog_ac_ct_RANLIB=ranlib
ac_cv_prog_cc_c89=-qlanglvl=extc89
ac_cv_prog_cc_g=yes
ac_cv_prog_cxx_g=no

## ----------------- ##
## Output variables. ##
## ----------------- ##

AR='/usr/bin/ar'
ARCHFLAGS=''
ARFLAGS='crvs'
CC='cc -qlanglvl=extc89'
CFLAGS=''
CP='/usr/bin/cp'
CPP='cc -qlanglvl=extc89 -E'
CPPFLAGS=''
CXX='g++'
CXXFLAGS=''
DEFS='-DHAVE_CONFIG_H'
DSO=':'
DSOFLAGS=''
ECHO_C='\c'
ECHO_N=''
ECHO_T=''
EGREP='/usr/bin/grep -E'
EXEEXT=''
GREP='/usr/bin/grep'
INSTALL_DATA='${INSTALL} -m 644'
INSTALL_PROGRAM='${INSTALL}'
INSTALL_SCRIPT='${INSTALL}'
LDFLAGS=''
LIBMXML='libmxml.a'
LIBOBJS=''
LIBS=''
LN='/usr/bin/ln'
LTLIBOBJS=''
MKDIR='/usr/bin/mkdir'
OBJEXT='o'
OPTIM='-O'
PACKAGE_BUGREPORT='http://www.msweet.org/bugs.php/Mini-XML'
PACKAGE_NAME='Mini-XML'
PACKAGE_STRING='Mini-XML 2.10'
PACKAGE_TARNAME='mxml'
PACKAGE_URL='http://www.msweet.org/projects.php/Mini-XML'
PACKAGE_VERSION='2.10'
PATH_SEPARATOR=':'
PC_CFLAGS='-I${prefix}/include'
PC_LIBS='-L${exec_prefix}/lib -lmxml'
PICFLAG='0'
PTHREAD_FLAGS='-D_THREAD_SAFE -D_REENTRANT'
PTHREAD_LIBS='-lpthreads'
RANLIB='ranlib'
RM='/usr/bin/rm'
SHELL='/bin/sh'
VERSION='2.10'
ac_ct_CC=''
ac_ct_CXX=''
bindir='${exec_prefix}/bin'
build_alias=''
datadir='${datarootdir}'
datarootdir='${prefix}/share'
docdir='${datarootdir}/doc/mxml'
dvidir='${docdir}'
exec_prefix='/usr/local'
host_alias=''
htmldir='${docdir}'
includedir='${prefix}/include'
infodir='${datarootdir}/info'
libdir='${exec_prefix}/lib'
libexecdir='${exec_prefix}/libexec'
localedir='${datarootdir}/locale'
localstatedir='${prefix}/var'
mandir='${datarootdir}/man'
oldincludedir='/usr/include'
pdfdir='${docdir}'
prefix='/usr/local'
program_transform_name='s,x,x,'
psdir='${docdir}'
sbindir='${exec_prefix}/sbin'
sharedstatedir='${prefix}/com'
sysconfdir='${prefix}/etc'
target_alias=''

## ----------- ##
## confdefs.h. ##
## ----------- ##

/* confdefs.h */
#define PACKAGE_NAME "Mini-XML"
#define PACKAGE_TARNAME "mxml"
#define PACKAGE_VERSION "2.10"
#define PACKAGE_STRING "Mini-XML 2.10"
#define PACKAGE_BUGREPORT "http://www.msweet.org/bugs.php/Mini-XML"
#define PACKAGE_URL "http://www.msweet.org/projects.php/Mini-XML"
#define MXML_VERSION "Mini-XML v2.10"
#ifndef __cplusplus
#define inline __inline__
#endif
#define HAVE_STRDUP 1
#define HAVE_SNPRINTF 1
#define HAVE_VSNPRINTF 1
#define HAVE_LONG_LONG 1
#define STDC_HEADERS 1
#define HAVE_SYS_TYPES_H 1
#define HAVE_SYS_STAT_H 1
#define HAVE_STDLIB_H 1
#define HAVE_STRING_H 1
#define HAVE_MEMORY_H 1
#define HAVE_STRINGS_H 1
#define HAVE_INTTYPES_H 1
#define HAVE_STDINT_H 1
#define HAVE_UNISTD_H 1
#define HAVE_PTHREAD_H 1

configure: exit 0
